make all --print-data-base --no-builtin-variables --no-builtin-rules --question
# GNU Make 3.81
# Copyright (C) 2006  Free Software Foundation, Inc.
# This is free software; see the source for copying conditions.
# There is NO warranty; not even for MERCHANTABILITY or FITNESS FOR A
# PARTICULAR PURPOSE.

# This program built for i386-apple-darwin11.3.0

# Make data base, printed on Fri Jun 24 06:44:39 2022

# Variables

# automatic
<D = $(patsubst %/,%,$(dir $<))
# automatic
?F = $(notdir $?)
# makefile (from `makefile', line 5)
OBJ = $(SRCS:.c=.o)
# environment
VSCODE_LOG_NATIVE = false
# automatic
?D = $(patsubst %/,%,$(dir $?))
# automatic
@D = $(patsubst %/,%,$(dir $@))
# automatic
@F = $(notdir $@)
# makefile
CURDIR := /Users/lsemlali/Desktop/pipex
# makefile
SHELL = /bin/sh
# environment
VSCODE_NLS_CONFIG = {"locale":"en-us","availableLanguages":{},"_languagePackSupport":true}
# environment
_ = /usr/bin/make
# makefile (from `makefile', line 3)
CFLAGS = -Wall -Wextra -Werror
# makefile (from `makefile', line 1)
MAKEFILE_LIST :=  makefile
# makefile (from `makefile', line 1)
 
SRCS = pipex.c pipex_outils.c
# makefile (from `makefile', line 2)
BSRCS = pipex_bonus.c pipex_outils.c
# environment
VSCODE_VERBOSE_LOGGING = true
# environment
VSCODE_IPC_HOOK_EXTHOST = /var/folders/zz/zyxvpxvq6csfxvn_n0000jh80004c2/T/vscode-ipc-66519560-f35a-4f4e-b0f5-f1f36ba76f3f.sock
# environment
VSCODE_CWD = /
# environment
Apple_PubSub_Socket_Render = /private/tmp/com.apple.launchd.LbjKRZMy1e/Render
# environment
PATH = /Users/lsemlali/.brew/bin:/goinfre/lsemlali/miniconda3/bin:/usr/local/bin:/usr/bin:/bin:/usr/sbin:/sbin:/usr/local/munki:/Users/lsemlali/goinfre/Flutter/flutter/bin:/Applications/Android Studio.app/Contents/jre/Contents/Home/bin:/Users/lsemlali/Library/Android/sdk/platform-tools:/Users/lsemlali/Library/Android/sdk/tools/bin:/Users/lsemlali/goinfre/Flutter/flutter/bin:/Applications/Android Studio.app/Contents/jre/Contents/Home/bin:/Users/lsemlali/Library/Android/sdk/platform-tools:/Users/lsemlali/Library/Android/sdk/tools/bin:/Users/lsemlali/goinfre/Flutter/flutter/bin:/Applications/Android Studio.app/Contents/jre/Contents/Home/bin:/Users/lsemlali/Library/Android/sdk/platform-tools:/Users/lsemlali/Library/Android/sdk/tools/bin:/Users/lsemlali/goinfre/Flutter/flutter/bin:/Applications/Android Studio.app/Contents/jre/Contents/Home/bin:/Users/lsemlali/Library/Android/sdk/platform-tools:/Users/lsemlali/Library/Android/sdk/tools/bin:/Users/lsemlali/goinfre/Flutter/flutter/bin:/Applications/Android Studio.app/Contents/jre/Contents/Home/bin:/Users/lsemlali/Library/Android/sdk/platform-tools:/Users/lsemlali/Library/Android/sdk/tools/bin:/Users/lsemlali/goinfre/Flutter/flutter/bin:/Applications/Android Studio.app/Contents/jre/Contents/Home/bin:/Users/lsemlali/Library/Android/sdk/platform-tools:/Users/lsemlali/Library/Android/sdk/tools/bin:/Users/lsemlali/goinfre/Flutter/flutter/bin:/Applications/Android Studio.app/Contents/jre/Contents/Home/bin:/Users/lsemlali/Library/Android/sdk/platform-tools:/Users/lsemlali/Library/Android/sdk/tools/bin
# makefile (from `makefile', line 8)
lbft = lbft/libft.a
# makefile (from `makefile', line 6)
BOBJ = $(BSRCS:.c=.o)
# environment
LSCOLORS = Gxfxcxdxbxegedabagacad
# environment
VSCODE_LOG_STACK = false
# environment
ELECTRON_RUN_AS_NODE = 1
# default
.FEATURES := target-specific order-only second-expansion else-if archives jobserver check-symlink
# environment
SSH_AUTH_SOCK = /private/tmp/com.apple.launchd.0KS94ljF9R/Listeners
# automatic
%F = $(notdir $%)
# environment
HOMEBREW_TEMP = /tmp/lsemlali/Homebrew/Temp
# environment
ANDROID_SDK_HOME = /Users/lsemlali/Library/Android/sdk
# environment
VSCODE_PIPE_LOGGING = true
# environment
PWD = /Users/lsemlali/Desktop/pipex
# environment
ORIGINAL_XDG_CURRENT_DESKTOP = undefined
# environment
VSCODE_AMD_ENTRYPOINT = vs/workbench/api/node/extensionHostProcess
# environment
HOME = /Users/lsemlali
# default
MAKEFILEPATH := /Applications/Xcode.app/Contents/Developer/Makefiles
# environment
VSCODE_CODE_CACHE_PATH = /Users/lsemlali/Library/Application Support/Code/CachedData/4af164ea3a06f701fe3e89a2bcbb421d2026b68f
# environment
LOGNAME = lsemlali
# environment
APPLICATION_INSIGHTS_NO_DIAGNOSTIC_CHANNEL = 1
# environment
ZSH = /Users/lsemlali/.oh-my-zsh
# environment
VSCODE_HANDLES_UNCAUGHT_ERRORS = true
# automatic
^D = $(patsubst %/,%,$(dir $^))
# environment
XPC_FLAGS = 0x0
# default
MAKE = $(MAKE_COMMAND)
# default
MAKECMDGOALS := all
# environment
HOMEBREW_CACHE = /tmp/lsemlali/Homebrew/Caches
# environment
SHLVL = 1
# environment
JAVA_HOME = /Applications/Android Studio.app/Contents/jre/Contents/Home
# default
MAKE_VERSION := 3.81
# environment
USER = lsemlali
# makefile
.DEFAULT_GOAL := pipex
# makefile (from `makefile', line 4)
NAME = pipex
# environment
LESS = -R
# automatic
%D = $(patsubst %/,%,$(dir $%))
# default
MAKE_COMMAND := /Applications/Xcode.app/Contents/Developer/usr/bin/make
# default
.VARIABLES := 
# environment
TMPDIR = /var/folders/zz/zyxvpxvq6csfxvn_n0000jh80004c2/T/
# automatic
*F = $(notdir $*)
# environment
VSCODE_IPC_HOOK = /Users/lsemlali/Library/Application Support/Code/1.68.0-main.sock
# makefile
MAKEFLAGS = Rrqp
# environment
MFLAGS = -Rrqp
# automatic
*D = $(patsubst %/,%,$(dir $*))
# environment
XPC_SERVICE_NAME = com.apple.xpc.launchd.oneshot.0x10000005.Electron
# automatic
+D = $(patsubst %/,%,$(dir $+))
# automatic
+F = $(notdir $+)
# environment
__CF_USER_TEXT_ENCODING = 0x1182:0x0:0x0
# environment
COMMAND_MODE = unix2003
# default
MAKEFILES := 
# automatic
<F = $(notdir $<)
# environment
PAGER = less
# environment
LC_ALL = C
# environment
SECURITYSESSIONID = 186ef
# automatic
^F = $(notdir $^)
# default
SUFFIXES := 
# default
.INCLUDE_DIRS = /usr/local/include
# environment
MAKELEVEL := 0
# environment
LANG = C
# environment
VSCODE_PID = 71133
# variable set hash-table stats:
# Load=78/1024=8%, Rehash=0, Collisions=9/111=8%

# Pattern-specific Variable Values

# No pattern-specific variable values.

# Directories

# . (device 16777227, inode 1794928): 17 files, no impossibilities.

# 17 files, no impossibilities in 1 directories.

# Implicit Rules

# No implicit rules.

# Files

# Not a target:
pipex_outils.o:
#  Implicit rule search has been done.
#  Last modified 2022-06-24 06:31:39
#  File has been updated.
#  Successfully updated.
# variable set hash-table stats:
# Load=0/32=0%, Rehash=0, Collisions=0/0=0%

all: pipex
#  Command-line target.
#  Implicit rule search has been done.
#  File does not exist.
#  File has been updated.
#  Successfully updated.
# variable set hash-table stats:
# Load=0/32=0%, Rehash=0, Collisions=0/0=0%

# Not a target:
.SUFFIXES:
#  Implicit rule search has not been done.
#  Modification time never checked.
#  File has not been updated.

# Not a target:
makefile:
#  Implicit rule search has been done.
#  Last modified 2022-06-23 15:08:13
#  File has been updated.
#  Successfully updated.
# variable set hash-table stats:
# Load=0/32=0%, Rehash=0, Collisions=0/0=0%

lbft/libft.a:
#  Implicit rule search has not been done.
#  Last modified 2022-06-24 06:31:41
#  File has been updated.
#  Successfully updated.
#  commands to execute (from `makefile', line 13):
	@cd lbft && make && cd .. 
	

bonus: pipex_bonus.o pipex_outils.o lbft/libft.a
#  Implicit rule search has not been done.
#  Modification time never checked.
#  File has not been updated.
#  commands to execute (from `makefile', line 18):
	@cc $(CFLAGS) $(BOBJ) $(lbft) -o $(NAME)
	

fclean: clean
#  Implicit rule search has not been done.
#  Modification time never checked.
#  File has not been updated.
#  commands to execute (from `makefile', line 22):
	@rm -rf $(NAME)
	

# Not a target:
.DEFAULT:
#  Implicit rule search has not been done.
#  Modification time never checked.
#  File has not been updated.

re: fclean all
#  Implicit rule search has not been done.
#  Modification time never checked.
#  File has not been updated.

clean:
#  Implicit rule search has not been done.
#  Modification time never checked.
#  File has not been updated.
#  commands to execute (from `makefile', line 20):
	@rm -rf *.o && cd lbft && make fclean
	

# Not a target:
pipex_bonus.o:
#  Implicit rule search has not been done.
#  Modification time never checked.
#  File has not been updated.

# Not a target:
pipex.o:
#  Implicit rule search has been done.
#  Last modified 2022-06-24 06:31:39
#  File has been updated.
#  Successfully updated.
# variable set hash-table stats:
# Load=0/32=0%, Rehash=0, Collisions=0/0=0%

pipex: pipex.o pipex_outils.o lbft/libft.a
#  Implicit rule search has not been done.
#  Last modified 2022-06-24 06:31:41
#  File has been updated.
#  Successfully updated.
# variable set hash-table stats:
# Load=0/32=0%, Rehash=0, Collisions=0/0=0%
#  commands to execute (from `makefile', line 11):
	@cc $(CFLAGS) $(OBJ) $(lbft) -o $(NAME)
	

# files hash-table stats:
# Load=13/1024=1%, Rehash=0, Collisions=0/36=0%
# VPATH Search Paths

# No `vpath' search paths.

# No general (`VPATH' variable) search path.

# # of strings in strcache: 1
# # of strcache buffers: 1
# strcache size: total = 4096 / max = 4096 / min = 4096 / avg = 4096
# strcache free: total = 4087 / max = 4087 / min = 4087 / avg = 4087

 
# Finished Make data base on Fri Jun 24 06:44:39 2022

 
